<?xml version="1.0" encoding="UTF-8"?>
<testsuite name="com.koutsios.exsandohs.ExsAndOhsApplicationTests" tests="1" skipped="0" failures="0" errors="0" timestamp="2019-03-31T00:53:17" hostname="PNK-10" time="0.002">
  <properties/>
  <testcase name="contextLoads" classname="com.koutsios.exsandohs.ExsAndOhsApplicationTests" time="0.002"/>
  <system-out><![CDATA[2019-03-31 00:53:16.551  INFO 20936 --- [    Test worker] .b.t.c.SpringBootTestContextBootstrapper : Neither @ContextConfiguration nor @ContextHierarchy found for test class [com.koutsios.exsandohs.ExsAndOhsApplicationTests], using SpringBootContextLoader
2019-03-31 00:53:16.551  INFO 20936 --- [    Test worker] o.s.t.c.support.AbstractContextLoader    : Could not detect default resource locations for test class [com.koutsios.exsandohs.ExsAndOhsApplicationTests]: no resource found for suffixes {-context.xml, Context.groovy}.
2019-03-31 00:53:16.551  INFO 20936 --- [    Test worker] t.c.s.AnnotationConfigContextLoaderUtils : Could not detect default configuration classes for test class [com.koutsios.exsandohs.ExsAndOhsApplicationTests]: ExsAndOhsApplicationTests does not declare any static, non-private, non-final, nested classes annotated with @Configuration.
2019-03-31 00:53:16.554  INFO 20936 --- [    Test worker] .b.t.c.SpringBootTestContextBootstrapper : Found @SpringBootConfiguration com.koutsios.exsandohs.ExsAndOhsApplication for test class com.koutsios.exsandohs.ExsAndOhsApplicationTests
2019-03-31 00:53:16.555  INFO 20936 --- [    Test worker] .b.t.c.SpringBootTestContextBootstrapper : Loaded default TestExecutionListener class names from location [META-INF/spring.factories]: [org.springframework.boot.test.autoconfigure.restdocs.RestDocsTestExecutionListener, org.springframework.boot.test.autoconfigure.web.client.MockRestServiceServerResetTestExecutionListener, org.springframework.boot.test.autoconfigure.web.servlet.MockMvcPrintOnlyOnFailureTestExecutionListener, org.springframework.boot.test.autoconfigure.web.servlet.WebDriverTestExecutionListener, org.springframework.boot.test.mock.mockito.MockitoTestExecutionListener, org.springframework.boot.test.mock.mockito.ResetMocksTestExecutionListener, org.springframework.test.context.web.ServletTestExecutionListener, org.springframework.test.context.support.DirtiesContextBeforeModesTestExecutionListener, org.springframework.test.context.support.DependencyInjectionTestExecutionListener, org.springframework.test.context.support.DirtiesContextTestExecutionListener, org.springframework.test.context.transaction.TransactionalTestExecutionListener, org.springframework.test.context.jdbc.SqlScriptsTestExecutionListener]
2019-03-31 00:53:16.555  INFO 20936 --- [    Test worker] .b.t.c.SpringBootTestContextBootstrapper : Using TestExecutionListeners: [org.springframework.test.context.web.ServletTestExecutionListener@5c3545e6, org.springframework.test.context.support.DirtiesContextBeforeModesTestExecutionListener@4cfbfca0, org.springframework.boot.test.mock.mockito.MockitoTestExecutionListener@219c364a, org.springframework.boot.test.autoconfigure.SpringBootDependencyInjectionTestExecutionListener@707cb87c, org.springframework.test.context.support.DirtiesContextTestExecutionListener@690d9e0, org.springframework.test.context.transaction.TransactionalTestExecutionListener@151d2b6e, org.springframework.test.context.jdbc.SqlScriptsTestExecutionListener@55f361e1, org.springframework.boot.test.autoconfigure.restdocs.RestDocsTestExecutionListener@40d99c7b, org.springframework.boot.test.autoconfigure.web.client.MockRestServiceServerResetTestExecutionListener@40861259, org.springframework.boot.test.autoconfigure.web.servlet.MockMvcPrintOnlyOnFailureTestExecutionListener@3c3c077c, org.springframework.boot.test.autoconfigure.web.servlet.WebDriverTestExecutionListener@728e8573, org.springframework.boot.test.mock.mockito.ResetMocksTestExecutionListener@7e38e51d]

  .   ____          _            __ _ _
 /\\ / ___'_ __ _ _(_)_ __  __ _ \ \ \ \
( ( )\___ | '_ | '_| | '_ \/ _` | \ \ \ \
 \\/  ___)| |_)| | | | | || (_| |  ) ) ) )
  '  |____| .__|_| |_|_| |_\__, | / / / /
 =========|_|==============|___/=/_/_/_/
 :: Spring Boot ::        (v2.1.3.RELEASE)

2019-03-31 00:53:16.568  INFO 20936 --- [    Test worker] c.k.exsandohs.ExsAndOhsApplicationTests  : Starting ExsAndOhsApplicationTests on PNK-10 with PID 20936 (started by Pany Koutsios in D:\Data\Documents\Development\Java\exsandohs)
2019-03-31 00:53:16.569  INFO 20936 --- [    Test worker] c.k.exsandohs.ExsAndOhsApplicationTests  : No active profile set, falling back to default profiles: default
2019-03-31 00:53:16.805  INFO 20936 --- [    Test worker] trationDelegate$BeanPostProcessorChecker : Bean 'org.springframework.hateoas.config.HateoasConfiguration' of type [org.springframework.hateoas.config.HateoasConfiguration$$EnhancerBySpringCGLIB$$43060031] is not eligible for getting processed by all BeanPostProcessors (for example: not eligible for auto-proxying)
2019-03-31 00:53:17.170  INFO 20936 --- [    Test worker] o.s.s.concurrent.ThreadPoolTaskExecutor  : Initializing ExecutorService 'applicationTaskExecutor'
2019-03-31 00:53:17.340  INFO 20936 --- [    Test worker] c.k.exsandohs.ExsAndOhsApplicationTests  : Started ExsAndOhsApplicationTests in 0.784 seconds (JVM running for 2.915)
]]></system-out>
  <system-err><![CDATA[]]></system-err>
</testsuite>
